<?xml version="1.0" encoding="UTF-8"?>
<!-- Generated by org.testng.reporters.JUnitXMLReporter -->
<testsuite ignored="5" hostname="LAPTOP-7QQ0HTND" failures="0" tests="1" name="chromeTest" time="27.099" errors="0" timestamp="2024-05-27T23:15:24 PKT">
  <testcase classname="qa.tests.SignupPage" name="HappySignup" time="12.166"/>
  <testcase classname="qa.tests.SignupPage" name="PasswordMismatch" time="0.0">
    <ignored/>
  </testcase> <!-- PasswordMismatch -->
  <testcase classname="qa.tests.SignupPage" name="InvalidSignupDatasubmission" time="0.0">
    <ignored/>
  </testcase> <!-- InvalidSignupDatasubmission -->
  <testcase classname="qa.tests.SignupPage" name="DuplicateMerchantEmailSignup" time="0.0">
    <ignored/>
  </testcase> <!-- DuplicateMerchantEmailSignup -->
  <testcase classname="qa.tests.SignupPage" name="SignupWithDeletedMerchantEmail" time="0.0">
    <ignored/>
  </testcase> <!-- SignupWithDeletedMerchantEmail -->
  <testcase classname="qa.tests.SignupPage" name="EmptyFieldValidation" time="0.0">
    <ignored/>
  </testcase> <!-- EmptyFieldValidation -->
</testsuite> <!-- chromeTest -->
